     1                                  ; Se da un fisier text. Sa se citeasca continutul fisierului, sa se contorizeze numarul de caractere speciale si sa se afiseze aceasta valoare.
     2                                  ;Numele fisierului text este definit in segmentul de date. 
     3                                  
     4                                  bits 32 
     5                                  
     6                                  global start        
     7                                  
     8                                  ; declare external functions needed by our program
     9                                  extern exit, fopen, fread, fclose, printf
    10                                  import exit msvcrt.dll  
    11                                  import fopen msvcrt.dll  
    12                                  import fread msvcrt.dll
    13                                  import fclose msvcrt.dll
    14                                  import printf msvcrt.dll
    15                                  
    16                                  ; our data is declared here (the variables needed by our program)
    17                                  segment data use32 class=data
    18 00000000 616E612E74787400            nume_fisier db "ana.txt", 0  ; numele fisierului care va fi creat
    19 00000008 7200                        mod_acces db "r", 0          ; modul de deschidere a fisierului - 
    20                                                                   ; r - pentru scriere. fisierul trebuie sa existe 
    21                                      len equ 100                  ; numarul maxim de elemente citite din fisier.                            
    22 0000000A 00<rept>                    text times (len+1) db 0      ; sirul in care se va citi textul din fisier (dimensiune len+1 explicata mai sus)
    23 0000006F FFFFFFFF                    descriptor_fis dd -1         ; variabila in care vom salva descriptorul fisierului - necesar pentru a putea face referire la fisier
    24 00000073 53756E742025642063-         format db "Sunt %d caractere speciale",0
    24 0000007C 617261637465726520-
    24 00000085 7370656369616C6500 
    25 0000008E 2025732000              afis db " %s ",0
    26 00000093 00                          special db 0
    27                                  
    28                                  ; our code starts here
    29                                  segment code use32 class=code
    30                                      start:
    31                                          ; apelam fopen pentru a deschide fisierul
    32                                          ; functia va returna in EAX descriptorul fisierului sau 0 in caz de eroare
    33                                          ; eax = fopen(nume_fisier, mod_acces)
    34                                          
    35 00000000 68[08000000]                    push dword mod_acces     
    36 00000005 68[00000000]                    push dword nume_fisier
    37 0000000A FF15[00000000]                  call [fopen]
    38 00000010 83C408                          add esp, 4*2                ; eliberam parametrii de pe stiva
    39                                  
    40 00000013 A3[6F000000]                    mov [descriptor_fis], eax   ; salvam valoarea returnata de fopen in variabila descriptor_fis
    41                                          
    42                                          ; verificam daca functia fopen a creat cu succes fisierul (daca EAX != 0)
    43                                          
    44 00000018 83F800                          cmp eax, 0
    45 0000001B 7466                            je final
    46                                          
    47                                          ; citim textul in fisierul deschis folosind functia fread
    48                                          ; eax = fread(text, 1, len, descriptor_fis)
    49 0000001D FF35[6F000000]                  push dword [descriptor_fis]
    50 00000023 6A64                            push dword len
    51 00000025 6A01                            push dword 1
    52 00000027 68[0A000000]                    push dword text        
    53 0000002C FF15[00000000]                  call [fread]
    54 00000032 83C410                          add esp, 4*4                 ; dupa apelul functiei fread EAX contine numarul de caractere citite din fisier
    55                                          
    56 00000035 BF[0A000000]                    mov edi,text
    57 0000003A 89C1                            mov ecx, eax
    58                                          exec:
    59 0000003C B021                                mov al,'!'
    60 0000003E 3A07                                cmp al,[edi]
    61 00000040 7206                                jb scan2
    62 00000042 47                                  inc edi
    63 00000043 49                                  dec ecx
    64 00000044 75F6                                jnz exec
    65 00000046 7418                                jz next
    66                                          scan2:
    67 00000048 B02F                                mov al,'/'
    68 0000004A 3A07                                cmp al,[edi]
    69 0000004C 7706                                ja increment
    70 0000004E 47                                  inc edi
    71 0000004F 49                                  dec ecx
    72 00000050 75EA                                jnz exec
    73 00000052 740C                                jz next
    74                                          increment:
    75 00000054 FE05[93000000]                      inc byte [special]
    76 0000005A 47                                  inc edi
    77 0000005B 49                                  dec ecx
    78                                              
    79 0000005C 75DE                                jnz exec
    80 0000005E 7400                                jz next
    81                                  
    82                                  
    83                                          ; afisam numarul de caractere speciale
    84                                          ; printf(format, special)
    85                                          next:
    86 00000060 FF35[93000000]                      push dword [special]
    87 00000066 68[73000000]                        push format
    88 0000006B FF15[00000000]                      call [printf]
    89 00000071 83C408                              add esp, 4*2
    90                                          
    91                                          ; apelam functia fclose pentru a inchide fisierul
    92                                          ; fclose(descriptor_fis)
    93 00000074 FF35[6F000000]                  push dword [descriptor_fis]
    94 0000007A FF15[00000000]                  call [fclose]
    95 00000080 83C404                          add esp, 4
    96                                          
    97                                        final:
    98                                          
    99                                          ; exit(0)
   100 00000083 6A00                            push    dword 0      
   101 00000085 FF15[00000000]                  call    [exit]       
