     1                                  bits 32 ; assembling for the 32 bits architecture
     2                                  
     3                                  ; declare the EntryPoint (a label defining the very first instruction of the program)
     4                                  global start        
     5                                  ;(e+f)*g e,f,g-word
     6                                  ; declare external functions needed by our program
     7                                  extern exit               ; tell nasm that exit exists even if we won't be defining it
     8                                  import exit msvcrt.dll    ; exit is a function that ends the calling process. It is defined in msvcrt.dll
     9                                                            ; msvcrt.dll contains exit, printf and all the other important C-runtime specific functions
    10                                  
    11                                  ; our data is declared here (the variables needed by our program)
    12                                  segment data use32 class=data
    13                                      ; ...
    14 00000000 0100                    e dw 1
    15 00000002 0200                    f dw 2
    16 00000004 0300                    g dw 3
    17                                  ; our code starts here
    18                                  segment code use32 class=code
    19                                      start:
    20                                          ; ...
    21 00000000 66A1[00000000]                  mov AX,[e] ; AX=e
    22 00000006 660305[02000000]                add AX,[f] ; AX=e+f
    23 0000000D 66F725[04000000]                mul word[g] ; DX:AX=AX*g
    24 00000014 6652                            push DX
    25 00000016 6650                            push AX
    26 00000018 58                              pop EAX
    27                                          ; exit(0)
    28 00000019 6A00                            push    dword 0      ; push the parameter for exit onto the stack
    29 0000001B FF15[00000000]                  call    [exit]       ; call exit to terminate the program
