     1                                  bits 32 
     2                                  
     3                                  
     4                                  global start        ; we need (c-a-d)+(c-b)-a where a,b,c,d-byte
     5                                                      ;        (15-5-10)+(15-8)-5=0+7-5= 2
     6                                  
     7                                  extern exit              
     8                                  import exit msvcrt.dll    
     9                                  
    10                                  
    11                                  segment data use32 class=data
    12                                    
    13 00000000 05                      a db 5
    14 00000001 0A                      d db 10
    15 00000002 0F                      c db 15
    16 00000003 08                      b db 8
    17                                  
    18                                    
    19                                  segment code use32 class=code
    20                                      start:
    21 00000000 A0[02000000]                    mov AL, [c] ; AL=c
    22 00000005 2A05[00000000]                  sub AL, [a] ; AL=c-a
    23 0000000B 2A05[01000000]                  sub AL, [d] ; AL=c-a-d
    24 00000011 8A1D[02000000]                  mov BL, [c] ; BL=c
    25 00000017 2A1D[03000000]                  sub BL, [b] ; BL=c-b
    26 0000001D 00D8                            add AL,BL ; AL=c-a-d+c-b
    27 0000001F 2A05[00000000]                  sub AL,[a]
    28                                      
    29                                          ; exit(0)
    30 00000025 6A00                            push    dword 0      
    31 00000027 FF15[00000000]                  call    [exit]       
